<?xml version="1.0" encoding="UTF-8"?>
<!-- Generated by org.testng.reporters.JUnitXMLReporter -->
<testsuite hostname="DESKTOP-DQ97PS0" ignored="0" name="Default test" tests="4" failures="0" timestamp="18 Jun 2021 11:57:30 GMT" time="11.69" errors="0">
  <testcase name="putRequest" time="3.967" classname="StripeApitestingScript.putRequest"/>
  <testcase name="putRequest" time="0.639" classname="StripeApitestingScript.putRequest"/>
  <testcase name="putRequest" time="0.614" classname="StripeApitestingScript.putRequest"/>
  <testcase name="putRequest" time="0.606" classname="StripeApitestingScript.putRequest"/>
</testsuite> <!-- Default test -->
