<?xml version="1.0" encoding="UTF-8"?>
<!-- Generated by org.testng.reporters.JUnitXMLReporter -->
<testsuite hostname="DESKTOP-DQ97PS0" ignored="3" name="Test" tests="20" failures="10" timestamp="18 Jun 2021 12:14:45 GMT" time="25.998" errors="0">
  <testcase name="getRequest" time="3.896" classname="StripeApitestingScript.getRequest"/>
  <testcase name="getRequest" time="0.557" classname="StripeApitestingScript.getRequest"/>
  <testcase name="getRequest" time="0.548" classname="StripeApitestingScript.getRequest"/>
  <testcase name="getRequest" time="0.546" classname="StripeApitestingScript.getRequest"/>
  <testcase name="getRequest" time="0.558" classname="StripeApitestingScript.getRequest"/>
  <testcase name="putRequest" time="0.692" classname="StripeApitestingScript.putRequest">
    <failure type="java.lang.AssertionError" message="Request filed mismatch of status expected [200] but found [400]">
      <![CDATA[java.lang.AssertionError: Request filed mismatch of status expected [200] but found [400]
at StripeApitestingScript.putRequest.putRequest(putRequest.java:26)
... Removed 30 stack frames]]>
    </failure>
  </testcase> <!-- putRequest -->
  <testcase name="putRequest" time="0.488" classname="StripeApitestingScript.putRequest">
    <failure type="java.lang.AssertionError" message="Request filed mismatch of status expected [200] but found [400]">
      <![CDATA[java.lang.AssertionError: Request filed mismatch of status expected [200] but found [400]
at StripeApitestingScript.putRequest.putRequest(putRequest.java:26)
... Removed 30 stack frames]]>
    </failure>
  </testcase> <!-- putRequest -->
  <testcase name="putRequest" time="0.51" classname="StripeApitestingScript.putRequest">
    <failure type="java.lang.AssertionError" message="Request filed mismatch of status expected [200] but found [400]">
      <![CDATA[java.lang.AssertionError: Request filed mismatch of status expected [200] but found [400]
at StripeApitestingScript.putRequest.putRequest(putRequest.java:26)
... Removed 30 stack frames]]>
    </failure>
  </testcase> <!-- putRequest -->
  <testcase name="putRequest" time="0.516" classname="StripeApitestingScript.putRequest">
    <failure type="java.lang.AssertionError" message="Request filed mismatch of status expected [200] but found [400]">
      <![CDATA[java.lang.AssertionError: Request filed mismatch of status expected [200] but found [400]
at StripeApitestingScript.putRequest.putRequest(putRequest.java:26)
... Removed 30 stack frames]]>
    </failure>
  </testcase> <!-- putRequest -->
  <testcase name="putRequest" time="0.516" classname="StripeApitestingScript.putRequest">
    <failure type="java.lang.AssertionError" message="Request filed mismatch of status expected [200] but found [400]">
      <![CDATA[java.lang.AssertionError: Request filed mismatch of status expected [200] but found [400]
at StripeApitestingScript.putRequest.putRequest(putRequest.java:26)
... Removed 30 stack frames]]>
    </failure>
  </testcase> <!-- putRequest -->
  <testcase name="deleteRequest" time="0.702" classname="StripeApitestingScript.deleteRequest">
    <failure type="java.lang.AssertionError" message="Request filed mismatch of status expected [200] but found [404]">
      <![CDATA[java.lang.AssertionError: Request filed mismatch of status expected [200] but found [404]
at StripeApitestingScript.deleteRequest.deleteRequest(deleteRequest.java:25)
... Removed 30 stack frames]]>
    </failure>
  </testcase> <!-- deleteRequest -->
  <testcase name="deleteRequest" time="0.717" classname="StripeApitestingScript.deleteRequest">
    <failure type="java.lang.AssertionError" message="Request filed mismatch of status expected [200] but found [404]">
      <![CDATA[java.lang.AssertionError: Request filed mismatch of status expected [200] but found [404]
at StripeApitestingScript.deleteRequest.deleteRequest(deleteRequest.java:25)
... Removed 30 stack frames]]>
    </failure>
  </testcase> <!-- deleteRequest -->
  <testcase name="deleteRequest" time="0.699" classname="StripeApitestingScript.deleteRequest">
    <failure type="java.lang.AssertionError" message="Request filed mismatch of status expected [200] but found [404]">
      <![CDATA[java.lang.AssertionError: Request filed mismatch of status expected [200] but found [404]
at StripeApitestingScript.deleteRequest.deleteRequest(deleteRequest.java:25)
... Removed 30 stack frames]]>
    </failure>
  </testcase> <!-- deleteRequest -->
  <testcase name="deleteRequest" time="0.691" classname="StripeApitestingScript.deleteRequest">
    <failure type="java.lang.AssertionError" message="Request filed mismatch of status expected [200] but found [404]">
      <![CDATA[java.lang.AssertionError: Request filed mismatch of status expected [200] but found [404]
at StripeApitestingScript.deleteRequest.deleteRequest(deleteRequest.java:25)
... Removed 30 stack frames]]>
    </failure>
  </testcase> <!-- deleteRequest -->
  <testcase name="deleteRequest" time="0.735" classname="StripeApitestingScript.deleteRequest">
    <failure type="java.lang.AssertionError" message="Request filed mismatch of status expected [200] but found [404]">
      <![CDATA[java.lang.AssertionError: Request filed mismatch of status expected [200] but found [404]
at StripeApitestingScript.deleteRequest.deleteRequest(deleteRequest.java:25)
... Removed 30 stack frames]]>
    </failure>
  </testcase> <!-- deleteRequest -->
  <testcase name="postRequest" time="0.734" classname="StripeApitestingScript.postRequest"/>
  <testcase name="postRequest" time="0.595" classname="StripeApitestingScript.postRequest"/>
  <testcase name="postRequest" time="0.535" classname="StripeApitestingScript.postRequest"/>
  <testcase name="postRequest" time="0.594" classname="StripeApitestingScript.postRequest"/>
  <testcase name="postRequest" time="0.568" classname="StripeApitestingScript.postRequest"/>
  <testcase name="@BeforeTest basic" time="0.0" classname="StripeApi.basicsetup.basic">
    <ignored/>
  </testcase> <!-- @BeforeTest basic -->
  <testcase name="@BeforeTest basic" time="0.0" classname="StripeApi.basicsetup.basic">
    <ignored/>
  </testcase> <!-- @BeforeTest basic -->
  <testcase name="@BeforeTest basic" time="0.0" classname="StripeApi.basicsetup.basic">
    <ignored/>
  </testcase> <!-- @BeforeTest basic -->
</testsuite> <!-- Test -->
